PLINK v2.00a3LM 64-bit Intel (1 Jul 2021)
Options in effect:
  --bfile /data/gardeux/DGRPool/dgrp2
  --covar /data/gardeux/DGRPool/dgrp.cov.tsv
  --geno 0.2
  --glm hide-covar
  --maf 0.05
  --out total_nr_phenotypes/PLINK2
  --pheno total_nr_phenotypes/total_nr_phenotypes_M.pheno.plink2.tsv
  --threads 32

Hostname: updeplasrv6.epfl.ch
Working directory: /data/gardeux/DGRPool/GWAS_extreme
Start time: Thu Mar 30 15:13:36 2023

Random number seed: 1680182016
385551 MiB RAM detected; reserving 192775 MiB for main workspace.
Using up to 32 threads (change this with --threads).
205 samples (205 females, 0 males; 205 founders) loaded from
/data/gardeux/DGRPool/dgrp2.fam.
4438427 variants loaded from /data/gardeux/DGRPool/dgrp2.bim.
1 quantitative phenotype loaded (205 values).
6 covariates loaded from /data/gardeux/DGRPool/dgrp.cov.tsv.
Calculating allele frequencies... done.
--geno: 123232 variants removed due to missing genotype data.
2423739 variants removed due to allele frequency threshold(s)
(--maf/--max-maf/--mac/--max-mac).
1891456 variants remaining after main filters.
--glm linear regression on phenotype 'total_nr_phenotypes_M': done.
Results written to total_nr_phenotypes/PLINK2.total_nr_phenotypes_M.glm.linear .

End time: Thu Mar 30 15:13:38 2023
